Using pre-set license
Built from '2020.3/staging' branch; Version is '2020.3.30f1 (1fb1bf06830e) revision 2077119'; Using compiler version '192528614'; Build Type 'Release'
OS: 'Windows 10  (10.0.19044) 64bit Core' Language: 'cs' Physical Memory: 14204 MB
BatchMode: 1, IsHumanControllingUs: 0, StartBugReporterOnCrash: 0, Is64bit: 1, IsPro: 0

COMMAND LINE ARGUMENTS:
C:\Program Files\Unity\Hub\Editor\2020.3.30f1\Editor\Unity.exe
-adb2
-batchMode
-noUpm
-name
AssetImportWorker0
-projectPath
C:/Users/smutn/Documents/MyMinecraft
-logFile
Logs/AssetImportWorker0.log
-srvPort
57276
Successfully changed project path to: C:/Users/smutn/Documents/MyMinecraft
C:/Users/smutn/Documents/MyMinecraft
Using Asset Import Pipeline V2.
Refreshing native plugins compatible for Editor in 30.12 ms, found 2 plugins.
Preloading 0 native plugins for Editor in 0.00 ms.
Initialize engine version: 2020.3.30f1 (1fb1bf06830e)
[Subsystems] Discovering subsystems at path C:/Program Files/Unity/Hub/Editor/2020.3.30f1/Editor/Data/Resources/UnitySubsystems
[Subsystems] Discovering subsystems at path C:/Users/smutn/Documents/MyMinecraft/Assets
GfxDevice: creating device client; threaded=0
Direct3D:
    Version:  Direct3D 11.0 [level 11.1]
    Renderer: NVIDIA GeForce RTX 3060 Laptop GPU (ID=0x2560)
    Vendor:   
    VRAM:     6023 MB
    Driver:   27.21.14.6681
Initialize mono
Mono path[0] = 'C:/Program Files/Unity/Hub/Editor/2020.3.30f1/Editor/Data/Managed'
Mono path[1] = 'C:/Program Files/Unity/Hub/Editor/2020.3.30f1/Editor/Data/MonoBleedingEdge/lib/mono/unityjit'
Mono config path = 'C:/Program Files/Unity/Hub/Editor/2020.3.30f1/Editor/Data/MonoBleedingEdge/etc'
Using monoOptions --debugger-agent=transport=dt_socket,embedding=1,server=y,suspend=n,address=127.0.0.1:56256
Begin MonoManager ReloadAssembly
Registering precompiled unity dll's ...
Register platform support module: C:/Program Files/Unity/Hub/Editor/2020.3.30f1/Editor/Data/PlaybackEngines/WebGLSupport/UnityEditor.WebGL.Extensions.dll
Register platform support module: C:/Program Files/Unity/Hub/Editor/2020.3.30f1/Editor/Data/PlaybackEngines/WindowsStandaloneSupport/UnityEditor.WindowsStandalone.Extensions.dll
Registered in 0.002407 seconds.
Native extension for WindowsStandalone target not found
Native extension for WebGL target not found
Refreshing native plugins compatible for Editor in 29.88 ms, found 2 plugins.
Preloading 0 native plugins for Editor in 0.00 ms.
Mono: successfully reloaded assembly
- Completed reload, in  0.434 seconds
Domain Reload Profiling:
	ReloadAssembly (434ms)
		BeginReloadAssembly (54ms)
			ExecutionOrderSort (0ms)
			DisableScriptedObjects (0ms)
			BackupInstance (0ms)
			ReleaseScriptingObjects (0ms)
			CreateAndSetChildDomain (1ms)
		EndReloadAssembly (322ms)
			LoadAssemblies (52ms)
			RebuildTransferFunctionScriptingTraits (0ms)
			SetupTypeCache (100ms)
			ReleaseScriptCaches (0ms)
			RebuildScriptCaches (19ms)
			SetupLoadedEditorAssemblies (129ms)
				LogAssemblyErrors (0ms)
				InitializePlatformSupportModulesInManaged (5ms)
				SetLoadedEditorAssemblies (0ms)
				RefreshPlugins (30ms)
				BeforeProcessingInitializeOnLoad (10ms)
				ProcessInitializeOnLoadAttributes (64ms)
				ProcessInitializeOnLoadMethodAttributes (20ms)
				AfterProcessingInitializeOnLoad (0ms)
				EditorAssembliesLoaded (0ms)
			ExecutionOrderSort2 (0ms)
			AwakeInstancesAfterBackupRestoration (0ms)
Platform modules already initialized, skipping
Registering precompiled user dll's ...
Registered in 0.002933 seconds.
Begin MonoManager ReloadAssembly
Native extension for WindowsStandalone target not found
Native extension for WebGL target not found
Refreshing native plugins compatible for Editor in 0.40 ms, found 2 plugins.
Preloading 0 native plugins for Editor in 0.00 ms.
Mono: successfully reloaded assembly
- Completed reload, in  0.735 seconds
Domain Reload Profiling:
	ReloadAssembly (735ms)
		BeginReloadAssembly (114ms)
			ExecutionOrderSort (0ms)
			DisableScriptedObjects (3ms)
			BackupInstance (0ms)
			ReleaseScriptingObjects (0ms)
			CreateAndSetChildDomain (17ms)
		EndReloadAssembly (573ms)
			LoadAssemblies (76ms)
			RebuildTransferFunctionScriptingTraits (0ms)
			SetupTypeCache (191ms)
			ReleaseScriptCaches (0ms)
			RebuildScriptCaches (29ms)
			SetupLoadedEditorAssemblies (225ms)
				LogAssemblyErrors (0ms)
				InitializePlatformSupportModulesInManaged (4ms)
				SetLoadedEditorAssemblies (0ms)
				RefreshPlugins (0ms)
				BeforeProcessingInitializeOnLoad (65ms)
				ProcessInitializeOnLoadAttributes (141ms)
				ProcessInitializeOnLoadMethodAttributes (7ms)
				AfterProcessingInitializeOnLoad (7ms)
				EditorAssembliesLoaded (0ms)
			ExecutionOrderSort2 (0ms)
			AwakeInstancesAfterBackupRestoration (5ms)
Platform modules already initialized, skipping
========================================================================
Worker process is ready to serve import requests
Launched and connected shader compiler UnityShaderCompiler.exe after 0.04 seconds
Refreshing native plugins compatible for Editor in 0.56 ms, found 2 plugins.
Preloading 0 native plugins for Editor in 0.00 ms.
Unloading 1653 Unused Serialized files (Serialized files now loaded: 0)
System memory in use before: 81.2 MB.
System memory in use after: 80.9 MB.

Unloading 18 unused Assets to reduce memory usage. Loaded Objects now: 2092.
Total: 3.050500 ms (FindLiveObjects: 0.156900 ms CreateObjectMapping: 0.041700 ms MarkObjects: 2.627400 ms  DeleteObjects: 0.223600 ms)

AssetImportParameters requested are different than current active one (requested -> active):
  custom:framework-win-MediaFoundation: 216162199b28c13a410421893ffa2e32 -> 
  custom:video-decoder-ogg-theora: a1e56fd34408186e4bbccfd4996cb3dc -> 
  custom:container-muxer-webm: aa71ff27fc2769a1b78a27578f13a17b -> 
  custom:container-demuxer-webm: 4f35f7cbe854078d1ac9338744f61a02 -> 
  custom:container-demuxer-ogg: 62fdf1f143b41e24485cea50d1cbac27 -> 
  custom:video-encoder-webm-vp8: eb34c28f22e8b96e1ab97ce403110664 -> 
  custom:video-decoder-webm-vp8: 9c59270c3fd7afecdb556c50c9e8de78 -> 
  custom:audio-decoder-ogg-vorbis: bf7c407c2cedff20999df2af8eb42d56 -> 
  custom:audio-encoder-webm-vorbis: bf7c407c2cedff20999df2af8eb42d56 -> 
========================================================================
Received Import Request.
  path: Assets/Scripts/World/BlockScript.cs
  artifactKey: Guid(a1fffc4c9e96eaa4983703e9169c49f5) Importer(815301076,1909f56bfc062723c751e8b465ee728b)
Start importing Assets/Scripts/World/BlockScript.cs using Guid(a1fffc4c9e96eaa4983703e9169c49f5) Importer(815301076,1909f56bfc062723c751e8b465ee728b)  -> (artifact id: 'b1e61a6bc6ee381f6a975c152b718a2e') in 0.021671 seconds 
========================================================================
Received Import Request.
  Time since last request: 0.000167 seconds.
  path: Assets/Scripts/World
  artifactKey: Guid(6fa2a6e5c3c1fa145ba8e22ebcf3d760) Importer(815301076,1909f56bfc062723c751e8b465ee728b)
Start importing Assets/Scripts/World using Guid(6fa2a6e5c3c1fa145ba8e22ebcf3d760) Importer(815301076,1909f56bfc062723c751e8b465ee728b)  -> (artifact id: '1a5a3df74a6fa299e31a403f1ea2fe94') in 0.001977 seconds 
========================================================================
Received Import Request.
  Time since last request: 0.000142 seconds.
  path: Assets/Scripts/World/BlockData.cs
  artifactKey: Guid(5bcb955e3499b184b95b324b615a235c) Importer(815301076,1909f56bfc062723c751e8b465ee728b)
Start importing Assets/Scripts/World/BlockData.cs using Guid(5bcb955e3499b184b95b324b615a235c) Importer(815301076,1909f56bfc062723c751e8b465ee728b)  -> (artifact id: '229ea562a60d9b1b8fc6d7a5f14e7e68') in 0.002191 seconds 
========================================================================
Received Import Request.
  Time since last request: 0.042199 seconds.
  path: Assets/Scripts/World/Rotation.cs
  artifactKey: Guid(b818e11e6f157fe499dc615cfa227aa4) Importer(815301076,1909f56bfc062723c751e8b465ee728b)
Start importing Assets/Scripts/World/Rotation.cs using Guid(b818e11e6f157fe499dc615cfa227aa4) Importer(815301076,1909f56bfc062723c751e8b465ee728b)  -> (artifact id: 'cd1fe3e8bf94c4ee962bac02b597e68c') in 0.002198 seconds 
========================================================================
Received Import Request.
  Time since last request: 0.376458 seconds.
  path: Assets/Scripts/World/SaveSystem.cs
  artifactKey: Guid(dd3dcaa31aacf7b46b3560dbc9409a21) Importer(815301076,1909f56bfc062723c751e8b465ee728b)
Start importing Assets/Scripts/World/SaveSystem.cs using Guid(dd3dcaa31aacf7b46b3560dbc9409a21) Importer(815301076,1909f56bfc062723c751e8b465ee728b)  -> (artifact id: 'fa385855bbceae920537c2397945ab7e') in 0.002076 seconds 
========================================================================
Received Import Request.
  Time since last request: 0.440764 seconds.
  path: Assets/Scripts/World/WorldColliderSCript.cs
  artifactKey: Guid(c793c480716ceb34288b96ee09852bca) Importer(815301076,1909f56bfc062723c751e8b465ee728b)
Start importing Assets/Scripts/World/WorldColliderSCript.cs using Guid(c793c480716ceb34288b96ee09852bca) Importer(815301076,1909f56bfc062723c751e8b465ee728b)  -> (artifact id: 'e10e9c064139beee5bfdfdcfcd83ec7e') in 0.002311 seconds 
========================================================================
Received Import Request.
  Time since last request: 0.341122 seconds.
  path: Assets/Scripts/World/WorldGenerator.cs
  artifactKey: Guid(ae5f40d402794e24abcb01dee90684bc) Importer(815301076,1909f56bfc062723c751e8b465ee728b)
Start importing Assets/Scripts/World/WorldGenerator.cs using Guid(ae5f40d402794e24abcb01dee90684bc) Importer(815301076,1909f56bfc062723c751e8b465ee728b)  -> (artifact id: '1acbfba55a54194a5fe5a50688c66f07') in 0.002195 seconds 
========================================================================
Received Import Request.
  Time since last request: 2.276315 seconds.
  path: Assets/Scripts/BlockData.cs
  artifactKey: Guid(0db69e752f2dc4d44a400b9ca6e711ec) Importer(815301076,1909f56bfc062723c751e8b465ee728b)
Start importing Assets/Scripts/BlockData.cs using Guid(0db69e752f2dc4d44a400b9ca6e711ec) Importer(815301076,1909f56bfc062723c751e8b465ee728b)  -> (artifact id: '7dbe21605bb28e8fcfd5e008bf6db63f') in 0.001917 seconds 
========================================================================
Received Import Request.
  Time since last request: 3.449909 seconds.
  path: Assets/Scripts/Player
  artifactKey: Guid(24c8b65d22327264f8f6c599853e6039) Importer(815301076,1909f56bfc062723c751e8b465ee728b)
Start importing Assets/Scripts/Player using Guid(24c8b65d22327264f8f6c599853e6039) Importer(815301076,1909f56bfc062723c751e8b465ee728b)  -> (artifact id: 'cf75c915c8d9e4e9cb251ce3b6cb466e') in 0.002321 seconds 
========================================================================
Received Import Request.
  Time since last request: 12.916860 seconds.
  path: Assets/Scripts/SaveSystem.cs
  artifactKey: Guid(d163dc2fba1a62449bd9635f3574e7dd) Importer(815301076,1909f56bfc062723c751e8b465ee728b)
Start importing Assets/Scripts/SaveSystem.cs using Guid(d163dc2fba1a62449bd9635f3574e7dd) Importer(815301076,1909f56bfc062723c751e8b465ee728b)  -> (artifact id: '38edb21a846b3ee94dea43bf1987ed55') in 0.002066 seconds 
========================================================================
Received Import Request.
  Time since last request: 61.383168 seconds.
  path: Assets/Scripts/WorldColliderSCript.cs
  artifactKey: Guid(9d38f02ac6f234a4e9ab1ab8964802b9) Importer(815301076,1909f56bfc062723c751e8b465ee728b)
Start importing Assets/Scripts/WorldColliderSCript.cs using Guid(9d38f02ac6f234a4e9ab1ab8964802b9) Importer(815301076,1909f56bfc062723c751e8b465ee728b)  -> (artifact id: 'eea9b8f5d3bd5323a2e4cbfc576644e8') in 0.002063 seconds 
========================================================================
Received Import Request.
  Time since last request: 18.910673 seconds.
  path: Assets/Scripts/Rotation.cs
  artifactKey: Guid(2b676d1aaeb419f43abd6a14ed1ce583) Importer(815301076,1909f56bfc062723c751e8b465ee728b)
Start importing Assets/Scripts/Rotation.cs using Guid(2b676d1aaeb419f43abd6a14ed1ce583) Importer(815301076,1909f56bfc062723c751e8b465ee728b)  -> (artifact id: 'f8b13f0ce265cd83d1ab5b53a58ef12d') in 0.002032 seconds 
========================================================================
Received Import Request.
  Time since last request: 9.651196 seconds.
  path: Assets/Scripts/LoadWorld.cs
  artifactKey: Guid(d20c867c5f082ac4cad9a376070dbe5c) Importer(815301076,1909f56bfc062723c751e8b465ee728b)
Start importing Assets/Scripts/LoadWorld.cs using Guid(d20c867c5f082ac4cad9a376070dbe5c) Importer(815301076,1909f56bfc062723c751e8b465ee728b)  -> (artifact id: '9f790a711c97f9b14b550c765c0d245f') in 0.002373 seconds 
========================================================================
Received Import Request.
  Time since last request: 572.301877 seconds.
  path: Assets/Scripts/LoadWorld.cs
  artifactKey: Guid(d20c867c5f082ac4cad9a376070dbe5c) Importer(815301076,1909f56bfc062723c751e8b465ee728b)
Start importing Assets/Scripts/LoadWorld.cs using Guid(d20c867c5f082ac4cad9a376070dbe5c) Importer(815301076,1909f56bfc062723c751e8b465ee728b)  -> (artifact id: '166b930d3796115f5fa510df9d8606ed') in 0.002035 seconds 
========================================================================
Received Prepare
Registering precompiled user dll's ...
Registered in 0.002827 seconds.
Begin MonoManager ReloadAssembly
Native extension for WindowsStandalone target not found
Native extension for WebGL target not found
Refreshing native plugins compatible for Editor in 0.41 ms, found 2 plugins.
Preloading 0 native plugins for Editor in 0.00 ms.
Mono: successfully reloaded assembly
- Completed reload, in  0.652 seconds
Domain Reload Profiling:
	ReloadAssembly (652ms)
		BeginReloadAssembly (94ms)
			ExecutionOrderSort (0ms)
			DisableScriptedObjects (3ms)
			BackupInstance (0ms)
			ReleaseScriptingObjects (0ms)
			CreateAndSetChildDomain (26ms)
		EndReloadAssembly (512ms)
			LoadAssemblies (73ms)
			RebuildTransferFunctionScriptingTraits (0ms)
			SetupTypeCache (175ms)
			ReleaseScriptCaches (1ms)
			RebuildScriptCaches (23ms)
			SetupLoadedEditorAssemblies (191ms)
				LogAssemblyErrors (0ms)
				InitializePlatformSupportModulesInManaged (4ms)
				SetLoadedEditorAssemblies (0ms)
				RefreshPlugins (0ms)
				BeforeProcessingInitializeOnLoad (55ms)
				ProcessInitializeOnLoadAttributes (118ms)
				ProcessInitializeOnLoadMethodAttributes (5ms)
				AfterProcessingInitializeOnLoad (6ms)
				EditorAssembliesLoaded (0ms)
			ExecutionOrderSort2 (0ms)
			AwakeInstancesAfterBackupRestoration (4ms)
Platform modules already initialized, skipping
Refreshing native plugins compatible for Editor in 0.41 ms, found 2 plugins.
Preloading 0 native plugins for Editor in 0.00 ms.
Unloading 1624 Unused Serialized files (Serialized files now loaded: 0)
System memory in use before: 79.1 MB.
System memory in use after: 78.8 MB.

Unloading 17 unused Assets to reduce memory usage. Loaded Objects now: 2090.
Total: 2.371000 ms (FindLiveObjects: 0.116000 ms CreateObjectMapping: 0.038900 ms MarkObjects: 1.987100 ms  DeleteObjects: 0.228400 ms)

AssetImportParameters requested are different than current active one (requested -> active):
  custom:framework-win-MediaFoundation: 216162199b28c13a410421893ffa2e32 -> 
  custom:video-decoder-ogg-theora: a1e56fd34408186e4bbccfd4996cb3dc -> 
  custom:container-muxer-webm: aa71ff27fc2769a1b78a27578f13a17b -> 
  custom:container-demuxer-webm: 4f35f7cbe854078d1ac9338744f61a02 -> 
  custom:container-demuxer-ogg: 62fdf1f143b41e24485cea50d1cbac27 -> 
  custom:video-encoder-webm-vp8: eb34c28f22e8b96e1ab97ce403110664 -> 
  custom:video-decoder-webm-vp8: 9c59270c3fd7afecdb556c50c9e8de78 -> 
  custom:audio-decoder-ogg-vorbis: bf7c407c2cedff20999df2af8eb42d56 -> 
  custom:audio-encoder-webm-vorbis: bf7c407c2cedff20999df2af8eb42d56 -> 
========================================================================
Received Prepare
Registering precompiled user dll's ...
Registered in 0.003044 seconds.
Begin MonoManager ReloadAssembly
Native extension for WindowsStandalone target not found
Native extension for WebGL target not found
Refreshing native plugins compatible for Editor in 0.48 ms, found 2 plugins.
Preloading 0 native plugins for Editor in 0.00 ms.
Mono: successfully reloaded assembly
- Completed reload, in  0.754 seconds
Domain Reload Profiling:
	ReloadAssembly (754ms)
		BeginReloadAssembly (100ms)
			ExecutionOrderSort (0ms)
			DisableScriptedObjects (3ms)
			BackupInstance (0ms)
			ReleaseScriptingObjects (0ms)
			CreateAndSetChildDomain (28ms)
		EndReloadAssembly (602ms)
			LoadAssemblies (83ms)
			RebuildTransferFunctionScriptingTraits (0ms)
			SetupTypeCache (201ms)
			ReleaseScriptCaches (1ms)
			RebuildScriptCaches (26ms)
			SetupLoadedEditorAssemblies (232ms)
				LogAssemblyErrors (0ms)
				InitializePlatformSupportModulesInManaged (5ms)
				SetLoadedEditorAssemblies (0ms)
				RefreshPlugins (1ms)
				BeforeProcessingInitializeOnLoad (71ms)
				ProcessInitializeOnLoadAttributes (141ms)
				ProcessInitializeOnLoadMethodAttributes (7ms)
				AfterProcessingInitializeOnLoad (7ms)
				EditorAssembliesLoaded (0ms)
			ExecutionOrderSort2 (0ms)
			AwakeInstancesAfterBackupRestoration (5ms)
Platform modules already initialized, skipping
Refreshing native plugins compatible for Editor in 0.47 ms, found 2 plugins.
Preloading 0 native plugins for Editor in 0.00 ms.
Unloading 1624 Unused Serialized files (Serialized files now loaded: 0)
System memory in use before: 79.1 MB.
System memory in use after: 78.8 MB.

Unloading 13 unused Assets to reduce memory usage. Loaded Objects now: 2092.
Total: 2.703800 ms (FindLiveObjects: 0.148700 ms CreateObjectMapping: 0.041200 ms MarkObjects: 2.238600 ms  DeleteObjects: 0.274200 ms)

AssetImportParameters requested are different than current active one (requested -> active):
  custom:framework-win-MediaFoundation: 216162199b28c13a410421893ffa2e32 -> 
  custom:video-decoder-ogg-theora: a1e56fd34408186e4bbccfd4996cb3dc -> 
  custom:container-muxer-webm: aa71ff27fc2769a1b78a27578f13a17b -> 
  custom:container-demuxer-webm: 4f35f7cbe854078d1ac9338744f61a02 -> 
  custom:container-demuxer-ogg: 62fdf1f143b41e24485cea50d1cbac27 -> 
  custom:video-encoder-webm-vp8: eb34c28f22e8b96e1ab97ce403110664 -> 
  custom:video-decoder-webm-vp8: 9c59270c3fd7afecdb556c50c9e8de78 -> 
  custom:audio-decoder-ogg-vorbis: bf7c407c2cedff20999df2af8eb42d56 -> 
  custom:audio-encoder-webm-vorbis: bf7c407c2cedff20999df2af8eb42d56 -> 
========================================================================
Received Import Request.
  Time since last request: 146.578962 seconds.
  path: Assets/Scenes/SampleScene.unity
  artifactKey: Guid(9fc0d4010bbf28b4594072e72b8655ab) Importer(815301076,1909f56bfc062723c751e8b465ee728b)
Start importing Assets/Scenes/SampleScene.unity using Guid(9fc0d4010bbf28b4594072e72b8655ab) Importer(815301076,1909f56bfc062723c751e8b465ee728b)  -> (artifact id: '57be3a1bd2b0b2a576f9a2a11897eeff') in 0.023659 seconds 
========================================================================
Received Prepare
Registering precompiled user dll's ...
Registered in 0.002748 seconds.
Begin MonoManager ReloadAssembly
Native extension for WindowsStandalone target not found
Native extension for WebGL target not found
Refreshing native plugins compatible for Editor in 0.41 ms, found 2 plugins.
Preloading 0 native plugins for Editor in 0.00 ms.
Mono: successfully reloaded assembly
- Completed reload, in  0.663 seconds
Domain Reload Profiling:
	ReloadAssembly (664ms)
		BeginReloadAssembly (93ms)
			ExecutionOrderSort (0ms)
			DisableScriptedObjects (3ms)
			BackupInstance (0ms)
			ReleaseScriptingObjects (0ms)
			CreateAndSetChildDomain (27ms)
		EndReloadAssembly (526ms)
			LoadAssemblies (74ms)
			RebuildTransferFunctionScriptingTraits (0ms)
			SetupTypeCache (173ms)
			ReleaseScriptCaches (1ms)
			RebuildScriptCaches (24ms)
			SetupLoadedEditorAssemblies (204ms)
				LogAssemblyErrors (0ms)
				InitializePlatformSupportModulesInManaged (4ms)
				SetLoadedEditorAssemblies (0ms)
				RefreshPlugins (0ms)
				BeforeProcessingInitializeOnLoad (61ms)
				ProcessInitializeOnLoadAttributes (125ms)
				ProcessInitializeOnLoadMethodAttributes (6ms)
				AfterProcessingInitializeOnLoad (7ms)
				EditorAssembliesLoaded (0ms)
			ExecutionOrderSort2 (0ms)
			AwakeInstancesAfterBackupRestoration (5ms)
Platform modules already initialized, skipping
Refreshing native plugins compatible for Editor in 0.42 ms, found 2 plugins.
Preloading 0 native plugins for Editor in 0.00 ms.
Unloading 1624 Unused Serialized files (Serialized files now loaded: 0)
System memory in use before: 79.1 MB.
System memory in use after: 78.8 MB.

Unloading 13 unused Assets to reduce memory usage. Loaded Objects now: 2094.
Total: 2.584100 ms (FindLiveObjects: 0.114400 ms CreateObjectMapping: 0.036600 ms MarkObjects: 2.106800 ms  DeleteObjects: 0.325500 ms)

AssetImportParameters requested are different than current active one (requested -> active):
  custom:framework-win-MediaFoundation: 216162199b28c13a410421893ffa2e32 -> 
  custom:video-decoder-ogg-theora: a1e56fd34408186e4bbccfd4996cb3dc -> 
  custom:container-muxer-webm: aa71ff27fc2769a1b78a27578f13a17b -> 
  custom:container-demuxer-webm: 4f35f7cbe854078d1ac9338744f61a02 -> 
  custom:container-demuxer-ogg: 62fdf1f143b41e24485cea50d1cbac27 -> 
  custom:video-encoder-webm-vp8: eb34c28f22e8b96e1ab97ce403110664 -> 
  custom:video-decoder-webm-vp8: 9c59270c3fd7afecdb556c50c9e8de78 -> 
  custom:audio-decoder-ogg-vorbis: bf7c407c2cedff20999df2af8eb42d56 -> 
  custom:audio-encoder-webm-vorbis: bf7c407c2cedff20999df2af8eb42d56 -> 
========================================================================
Received Prepare
Registering precompiled user dll's ...
Registered in 0.003125 seconds.
Begin MonoManager ReloadAssembly
Native extension for WindowsStandalone target not found
Native extension for WebGL target not found
Refreshing native plugins compatible for Editor in 0.42 ms, found 2 plugins.
Preloading 0 native plugins for Editor in 0.00 ms.
Mono: successfully reloaded assembly
- Completed reload, in  0.727 seconds
Domain Reload Profiling:
	ReloadAssembly (727ms)
		BeginReloadAssembly (102ms)
			ExecutionOrderSort (0ms)
			DisableScriptedObjects (3ms)
			BackupInstance (0ms)
			ReleaseScriptingObjects (0ms)
			CreateAndSetChildDomain (30ms)
		EndReloadAssembly (576ms)
			LoadAssemblies (82ms)
			RebuildTransferFunctionScriptingTraits (0ms)
			SetupTypeCache (191ms)
			ReleaseScriptCaches (1ms)
			RebuildScriptCaches (26ms)
			SetupLoadedEditorAssemblies (221ms)
				LogAssemblyErrors (0ms)
				InitializePlatformSupportModulesInManaged (5ms)
				SetLoadedEditorAssemblies (0ms)
				RefreshPlugins (0ms)
				BeforeProcessingInitializeOnLoad (65ms)
				ProcessInitializeOnLoadAttributes (137ms)
				ProcessInitializeOnLoadMethodAttributes (6ms)
				AfterProcessingInitializeOnLoad (7ms)
				EditorAssembliesLoaded (0ms)
			ExecutionOrderSort2 (0ms)
			AwakeInstancesAfterBackupRestoration (5ms)
Platform modules already initialized, skipping
Refreshing native plugins compatible for Editor in 0.44 ms, found 2 plugins.
Preloading 0 native plugins for Editor in 0.00 ms.
Unloading 1624 Unused Serialized files (Serialized files now loaded: 0)
System memory in use before: 79.1 MB.
System memory in use after: 78.8 MB.

Unloading 13 unused Assets to reduce memory usage. Loaded Objects now: 2096.
Total: 2.749200 ms (FindLiveObjects: 0.145000 ms CreateObjectMapping: 0.038300 ms MarkObjects: 2.261900 ms  DeleteObjects: 0.302600 ms)

AssetImportParameters requested are different than current active one (requested -> active):
  custom:framework-win-MediaFoundation: 216162199b28c13a410421893ffa2e32 -> 
  custom:video-decoder-ogg-theora: a1e56fd34408186e4bbccfd4996cb3dc -> 
  custom:container-muxer-webm: aa71ff27fc2769a1b78a27578f13a17b -> 
  custom:container-demuxer-webm: 4f35f7cbe854078d1ac9338744f61a02 -> 
  custom:container-demuxer-ogg: 62fdf1f143b41e24485cea50d1cbac27 -> 
  custom:video-encoder-webm-vp8: eb34c28f22e8b96e1ab97ce403110664 -> 
  custom:video-decoder-webm-vp8: 9c59270c3fd7afecdb556c50c9e8de78 -> 
  custom:audio-decoder-ogg-vorbis: bf7c407c2cedff20999df2af8eb42d56 -> 
  custom:audio-encoder-webm-vorbis: bf7c407c2cedff20999df2af8eb42d56 -> 
========================================================================
Received Import Request.
  Time since last request: 264.749403 seconds.
  path: Assets/Prefabs/HighlightedBlock.prefab
  artifactKey: Guid(6fc94dad6851b2a4894b86cebe59c0e7) Importer(815301076,1909f56bfc062723c751e8b465ee728b)
Start importing Assets/Prefabs/HighlightedBlock.prefab using Guid(6fc94dad6851b2a4894b86cebe59c0e7) Importer(815301076,1909f56bfc062723c751e8b465ee728b)  -> (artifact id: '40af16ff4f61b2da5d181c860d347130') in 0.076280 seconds 
========================================================================
Received Import Request.
  Time since last request: 0.000149 seconds.
  path: Assets/Prefabs/WorldCollider.prefab
  artifactKey: Guid(95d8d50cf46ebd646a4c6a610d34c9c4) Importer(815301076,1909f56bfc062723c751e8b465ee728b)
Start importing Assets/Prefabs/WorldCollider.prefab using Guid(95d8d50cf46ebd646a4c6a610d34c9c4) Importer(815301076,1909f56bfc062723c751e8b465ee728b)  -> (artifact id: '0706d03983d00f90a5ba53235ce29c29') in 0.003688 seconds 
========================================================================
Received Import Request.
  Time since last request: 0.000168 seconds.
  path: Assets/Prefabs/PlaceHighlightedBlock.prefab
  artifactKey: Guid(dc5a6d59151d4864bb7aa41431e438b5) Importer(815301076,1909f56bfc062723c751e8b465ee728b)
Start importing Assets/Prefabs/PlaceHighlightedBlock.prefab using Guid(dc5a6d59151d4864bb7aa41431e438b5) Importer(815301076,1909f56bfc062723c751e8b465ee728b)  -> (artifact id: '47e72c79c5daed4ffc738496b88cd91a') in 0.010495 seconds 
========================================================================
Received Import Request.
  Time since last request: 5.476530 seconds.
  path: Assets/Prefabs/UI
  artifactKey: Guid(d74799dfe6f3c4a4db138069ebe130e6) Importer(815301076,1909f56bfc062723c751e8b465ee728b)
Start importing Assets/Prefabs/UI using Guid(d74799dfe6f3c4a4db138069ebe130e6) Importer(815301076,1909f56bfc062723c751e8b465ee728b)  -> (artifact id: 'ed2575ba5cb8f0dbcab460c5367154a9') in 0.002388 seconds 
========================================================================
Received Import Request.
  Time since last request: 0.079548 seconds.
  path: Assets/Prefabs/UI/Item.prefab
  artifactKey: Guid(7f454016e889d7a44b0b70113c5dabfa) Importer(815301076,1909f56bfc062723c751e8b465ee728b)
Start importing Assets/Prefabs/UI/Item.prefab using Guid(7f454016e889d7a44b0b70113c5dabfa) Importer(815301076,1909f56bfc062723c751e8b465ee728b)  -> (artifact id: '214fbb2a5af9d4805a856006d671fe5b') in 0.012750 seconds 
========================================================================
Received Import Request.
  Time since last request: 0.000143 seconds.
  path: Assets/Prefabs/UI/Slot.prefab
  artifactKey: Guid(4122a586051fcca469f1a1958632bbb0) Importer(815301076,1909f56bfc062723c751e8b465ee728b)
Start importing Assets/Prefabs/UI/Slot.prefab using Guid(4122a586051fcca469f1a1958632bbb0) Importer(815301076,1909f56bfc062723c751e8b465ee728b)  -> (artifact id: '6384b7da393c52f945b53feea494b555') in 0.004104 seconds 
========================================================================
Received Import Request.
  Time since last request: 2.847072 seconds.
  path: Assets/Prefabs/Player
  artifactKey: Guid(d394feb90e6a69a4ab1be22bf89df3e8) Importer(815301076,1909f56bfc062723c751e8b465ee728b)
Start importing Assets/Prefabs/Player using Guid(d394feb90e6a69a4ab1be22bf89df3e8) Importer(815301076,1909f56bfc062723c751e8b465ee728b)  -> (artifact id: '2db9fc9f77b165a6e3f2ad3e694772c0') in 0.002263 seconds 
========================================================================
Received Import Request.
  Time since last request: 0.068897 seconds.
  path: Assets/Prefabs/Player/Environment.prefab
  artifactKey: Guid(4fe33bfdef1d7224496191ae4a141efc) Importer(815301076,1909f56bfc062723c751e8b465ee728b)
Start importing Assets/Prefabs/Player/Environment.prefab using Guid(4fe33bfdef1d7224496191ae4a141efc) Importer(815301076,1909f56bfc062723c751e8b465ee728b)  -> (artifact id: '41968fce5d1b82cdf9b0968d3dba6f63') in 0.008119 seconds 
========================================================================
Received Import Request.
  Time since last request: 0.000168 seconds.
  path: Assets/Prefabs/Player/GameObject.prefab
  artifactKey: Guid(ac29072dad4f00c46b2999e722c97491) Importer(815301076,1909f56bfc062723c751e8b465ee728b)
Start importing Assets/Prefabs/Player/GameObject.prefab using Guid(ac29072dad4f00c46b2999e722c97491) Importer(815301076,1909f56bfc062723c751e8b465ee728b)  -> (artifact id: '59daec6c4cf4ff96225d17e83149eae3') in 0.003540 seconds 
========================================================================
Received Import Request.
  Time since last request: 0.000190 seconds.
  path: Assets/Prefabs/Player/Player.prefab
  artifactKey: Guid(61e9f7c054f013e4486ada540dc00908) Importer(815301076,1909f56bfc062723c751e8b465ee728b)
Start importing Assets/Prefabs/Player/Player.prefab using Guid(61e9f7c054f013e4486ada540dc00908) Importer(815301076,1909f56bfc062723c751e8b465ee728b)  -> (artifact id: '7306676849e7fb71fb6c9cea4bf01ddd') in 0.214997 seconds 
========================================================================
Received Import Request.
  Time since last request: 0.000165 seconds.
  path: Assets/Prefabs/Player/FPSController.prefab
  artifactKey: Guid(5e9e851c0e142814dac026a256ba2ac0) Importer(815301076,1909f56bfc062723c751e8b465ee728b)
Start importing Assets/Prefabs/Player/FPSController.prefab using Guid(5e9e851c0e142814dac026a256ba2ac0) Importer(815301076,1909f56bfc062723c751e8b465ee728b)  -> (artifact id: 'dfd2add801962af7f11766a29f272ecf') in 0.006850 seconds 
AssetImportWorkerClient::OnTransportError - code=2 error=End of file
